<?xml version="1.0" encoding="UTF-8"?>
<testsuite name="com.yunji.dmaker.controller.DMakerControllerTest" tests="1" skipped="0" failures="0" errors="0" timestamp="2022-07-29T02:26:17" hostname="yunji" time="0.18">
  <properties/>
  <testcase name="getAllDeveloper()" classname="com.yunji.dmaker.controller.DMakerControllerTest" time="0.18"/>
  <system-out><![CDATA[2022-07-29 11:26:16.789  INFO 406228 --- [    Test worker] .b.t.a.w.s.WebMvcTestContextBootstrapper : Neither @ContextConfiguration nor @ContextHierarchy found for test class [com.yunji.dmaker.controller.DMakerControllerTest], using SpringBootContextLoader
2022-07-29 11:26:16.792  INFO 406228 --- [    Test worker] o.s.t.c.support.AbstractContextLoader    : Could not detect default resource locations for test class [com.yunji.dmaker.controller.DMakerControllerTest]: no resource found for suffixes {-context.xml, Context.groovy}.
2022-07-29 11:26:16.793  INFO 406228 --- [    Test worker] t.c.s.AnnotationConfigContextLoaderUtils : Could not detect default configuration classes for test class [com.yunji.dmaker.controller.DMakerControllerTest]: DMakerControllerTest does not declare any static, non-private, non-final, nested classes annotated with @Configuration.
2022-07-29 11:26:16.826  INFO 406228 --- [    Test worker] .b.t.c.SpringBootTestContextBootstrapper : Found @SpringBootConfiguration com.yunji.dmaker.DmakerApplication for test class com.yunji.dmaker.controller.DMakerControllerTest
2022-07-29 11:26:16.828  INFO 406228 --- [    Test worker] .b.t.a.w.s.WebMvcTestContextBootstrapper : Loaded default TestExecutionListener class names from location [META-INF/spring.factories]: [org.springframework.boot.test.autoconfigure.restdocs.RestDocsTestExecutionListener, org.springframework.boot.test.autoconfigure.web.client.MockRestServiceServerResetTestExecutionListener, org.springframework.boot.test.autoconfigure.web.servlet.MockMvcPrintOnlyOnFailureTestExecutionListener, org.springframework.boot.test.autoconfigure.web.servlet.WebDriverTestExecutionListener, org.springframework.boot.test.autoconfigure.webservices.client.MockWebServiceServerTestExecutionListener, org.springframework.boot.test.mock.mockito.MockitoTestExecutionListener, org.springframework.boot.test.mock.mockito.ResetMocksTestExecutionListener, org.springframework.test.context.web.ServletTestExecutionListener, org.springframework.test.context.support.DirtiesContextBeforeModesTestExecutionListener, org.springframework.test.context.event.ApplicationEventsTestExecutionListener, org.springframework.test.context.support.DependencyInjectionTestExecutionListener, org.springframework.test.context.support.DirtiesContextTestExecutionListener, org.springframework.test.context.transaction.TransactionalTestExecutionListener, org.springframework.test.context.jdbc.SqlScriptsTestExecutionListener, org.springframework.test.context.event.EventPublishingTestExecutionListener]
2022-07-29 11:26:16.829  INFO 406228 --- [    Test worker] .b.t.a.w.s.WebMvcTestContextBootstrapper : Using TestExecutionListeners: [org.springframework.test.context.web.ServletTestExecutionListener@1d0acb8f, org.springframework.test.context.support.DirtiesContextBeforeModesTestExecutionListener@6abaa14b, org.springframework.test.context.event.ApplicationEventsTestExecutionListener@3b60be3, org.springframework.boot.test.mock.mockito.MockitoTestExecutionListener@2f3565c0, org.springframework.boot.test.autoconfigure.SpringBootDependencyInjectionTestExecutionListener@64a8851a, org.springframework.test.context.support.DirtiesContextTestExecutionListener@5b27d03d, org.springframework.test.context.transaction.TransactionalTestExecutionListener@687d31a9, org.springframework.test.context.jdbc.SqlScriptsTestExecutionListener@6ce24203, org.springframework.test.context.event.EventPublishingTestExecutionListener@4cc28ad0, org.springframework.boot.test.autoconfigure.restdocs.RestDocsTestExecutionListener@29811d4d, org.springframework.boot.test.autoconfigure.web.client.MockRestServiceServerResetTestExecutionListener@28f081ad, org.springframework.boot.test.autoconfigure.web.servlet.MockMvcPrintOnlyOnFailureTestExecutionListener@56fc2cea, org.springframework.boot.test.autoconfigure.web.servlet.WebDriverTestExecutionListener@e30a8ef, org.springframework.boot.test.autoconfigure.webservices.client.MockWebServiceServerTestExecutionListener@2ffaa711, org.springframework.boot.test.mock.mockito.ResetMocksTestExecutionListener@3abb6aa]

  .   ____          _            __ _ _
 /\\ / ___'_ __ _ _(_)_ __  __ _ \ \ \ \
( ( )\___ | '_ | '_| | '_ \/ _` | \ \ \ \
 \\/  ___)| |_)| | | | | || (_| |  ) ) ) )
  '  |____| .__|_| |_|_| |_\__, | / / / /
 =========|_|==============|___/=/_/_/_/
 :: Spring Boot ::                (v2.7.1)

2022-07-29 11:26:16.867  INFO 406228 --- [    Test worker] c.y.d.controller.DMakerControllerTest    : Starting DMakerControllerTest using Java 11.0.7 on yunji with PID 406228 (started by yunji in /home/yunji/yunji.project/dmaker)
2022-07-29 11:26:16.868  INFO 406228 --- [    Test worker] c.y.d.controller.DMakerControllerTest    : No active profile set, falling back to 1 default profile: "default"
2022-07-29 11:26:17.473  INFO 406228 --- [    Test worker] o.s.b.t.m.w.SpringBootMockServletContext : Initializing Spring TestDispatcherServlet ''
2022-07-29 11:26:17.473  INFO 406228 --- [    Test worker] o.s.t.web.servlet.TestDispatcherServlet  : Initializing Servlet ''
2022-07-29 11:26:17.474  INFO 406228 --- [    Test worker] o.s.t.web.servlet.TestDispatcherServlet  : Completed initialization in 1 ms
2022-07-29 11:26:17.492  INFO 406228 --- [    Test worker] c.y.d.controller.DMakerControllerTest    : Started DMakerControllerTest in 0.659 seconds (JVM running for 6.996)
2022-07-29 11:26:17.554  INFO 406228 --- [    Test worker] c.y.dmaker.controller.DMakerController   : GET /developers HTTP/1.1
]]></system-out>
  <system-err><![CDATA[]]></system-err>
</testsuite>
