<?xml version="1.0" encoding="UTF-8"?>
<testsuite name="com.yunji.dmaker.service.DMakerServiceTest" tests="6" skipped="0" failures="0" errors="0" timestamp="2022-07-29T02:26:17" hostname="yunji" time="0.199">
  <properties/>
  <testcase name="createDeveloperTest_failed_with_duplicated()" classname="com.yunji.dmaker.service.DMakerServiceTest" time="0.157"/>
  <testcase name="createDeveloper()" classname="com.yunji.dmaker.service.DMakerServiceTest" time="0.005"/>
  <testcase name="getDeveloperDetail()" classname="com.yunji.dmaker.service.DMakerServiceTest" time="0.005"/>
  <testcase name="getAllEmployedDevelopers()" classname="com.yunji.dmaker.service.DMakerServiceTest" time="0.005"/>
  <testcase name="createDeveloperTest_success()" classname="com.yunji.dmaker.service.DMakerServiceTest" time="0.018"/>
  <testcase name="transactionTest()" classname="com.yunji.dmaker.service.DMakerServiceTest" time="0.001"/>
  <system-out><![CDATA[]]></system-out>
  <system-err><![CDATA[]]></system-err>
</testsuite>
