<?xml version="1.0" encoding="UTF-8"?>
<testsuite name="com.yunji.dmaker.controller.DMakerControllerTest" tests="1" skipped="0" failures="0" errors="0" timestamp="2022-08-01T01:56:32" hostname="yunji" time="0.207">
  <properties/>
  <testcase name="getAllDeveloper()" classname="com.yunji.dmaker.controller.DMakerControllerTest" time="0.207"/>
  <system-out><![CDATA[2022-08-01 10:56:31.470  INFO 48911 --- [    Test worker] .b.t.a.w.s.WebMvcTestContextBootstrapper : Neither @ContextConfiguration nor @ContextHierarchy found for test class [com.yunji.dmaker.controller.DMakerControllerTest], using SpringBootContextLoader
2022-08-01 10:56:31.472  INFO 48911 --- [    Test worker] o.s.t.c.support.AbstractContextLoader    : Could not detect default resource locations for test class [com.yunji.dmaker.controller.DMakerControllerTest]: no resource found for suffixes {-context.xml, Context.groovy}.
2022-08-01 10:56:31.473  INFO 48911 --- [    Test worker] t.c.s.AnnotationConfigContextLoaderUtils : Could not detect default configuration classes for test class [com.yunji.dmaker.controller.DMakerControllerTest]: DMakerControllerTest does not declare any static, non-private, non-final, nested classes annotated with @Configuration.
2022-08-01 10:56:31.499  INFO 48911 --- [    Test worker] .b.t.c.SpringBootTestContextBootstrapper : Found @SpringBootConfiguration com.yunji.dmaker.DmakerApplication for test class com.yunji.dmaker.controller.DMakerControllerTest
2022-08-01 10:56:31.502  INFO 48911 --- [    Test worker] .b.t.a.w.s.WebMvcTestContextBootstrapper : Loaded default TestExecutionListener class names from location [META-INF/spring.factories]: [org.springframework.boot.test.autoconfigure.restdocs.RestDocsTestExecutionListener, org.springframework.boot.test.autoconfigure.web.client.MockRestServiceServerResetTestExecutionListener, org.springframework.boot.test.autoconfigure.web.servlet.MockMvcPrintOnlyOnFailureTestExecutionListener, org.springframework.boot.test.autoconfigure.web.servlet.WebDriverTestExecutionListener, org.springframework.boot.test.autoconfigure.webservices.client.MockWebServiceServerTestExecutionListener, org.springframework.boot.test.mock.mockito.MockitoTestExecutionListener, org.springframework.boot.test.mock.mockito.ResetMocksTestExecutionListener, org.springframework.test.context.web.ServletTestExecutionListener, org.springframework.test.context.support.DirtiesContextBeforeModesTestExecutionListener, org.springframework.test.context.event.ApplicationEventsTestExecutionListener, org.springframework.test.context.support.DependencyInjectionTestExecutionListener, org.springframework.test.context.support.DirtiesContextTestExecutionListener, org.springframework.test.context.transaction.TransactionalTestExecutionListener, org.springframework.test.context.jdbc.SqlScriptsTestExecutionListener, org.springframework.test.context.event.EventPublishingTestExecutionListener]
2022-08-01 10:56:31.504  INFO 48911 --- [    Test worker] .b.t.a.w.s.WebMvcTestContextBootstrapper : Using TestExecutionListeners: [org.springframework.test.context.web.ServletTestExecutionListener@222dc36c, org.springframework.test.context.support.DirtiesContextBeforeModesTestExecutionListener@3445ddf2, org.springframework.test.context.event.ApplicationEventsTestExecutionListener@27b84c9a, org.springframework.boot.test.mock.mockito.MockitoTestExecutionListener@21abd3a3, org.springframework.boot.test.autoconfigure.SpringBootDependencyInjectionTestExecutionListener@6d514259, org.springframework.test.context.support.DirtiesContextTestExecutionListener@77e1b84c, org.springframework.test.context.transaction.TransactionalTestExecutionListener@12d8e6b6, org.springframework.test.context.jdbc.SqlScriptsTestExecutionListener@6d911985, org.springframework.test.context.event.EventPublishingTestExecutionListener@ab5dde4, org.springframework.boot.test.autoconfigure.restdocs.RestDocsTestExecutionListener@706c2726, org.springframework.boot.test.autoconfigure.web.client.MockRestServiceServerResetTestExecutionListener@255482cb, org.springframework.boot.test.autoconfigure.web.servlet.MockMvcPrintOnlyOnFailureTestExecutionListener@40ecead5, org.springframework.boot.test.autoconfigure.web.servlet.WebDriverTestExecutionListener@641255d1, org.springframework.boot.test.autoconfigure.webservices.client.MockWebServiceServerTestExecutionListener@75d61b62, org.springframework.boot.test.mock.mockito.ResetMocksTestExecutionListener@74159dc9]

  .   ____          _            __ _ _
 /\\ / ___'_ __ _ _(_)_ __  __ _ \ \ \ \
( ( )\___ | '_ | '_| | '_ \/ _` | \ \ \ \
 \\/  ___)| |_)| | | | | || (_| |  ) ) ) )
  '  |____| .__|_| |_|_| |_\__, | / / / /
 =========|_|==============|___/=/_/_/_/
 :: Spring Boot ::                (v2.7.1)

2022-08-01 10:56:31.550  INFO 48911 --- [    Test worker] c.y.d.controller.DMakerControllerTest    : Starting DMakerControllerTest using Java 11.0.7 on yunji with PID 48911 (started by yunji in /home/yunji/yunji.project/dmaker)
2022-08-01 10:56:31.550  INFO 48911 --- [    Test worker] c.y.d.controller.DMakerControllerTest    : No active profile set, falling back to 1 default profile: "default"
2022-08-01 10:56:32.166  INFO 48911 --- [    Test worker] o.s.b.t.m.w.SpringBootMockServletContext : Initializing Spring TestDispatcherServlet ''
2022-08-01 10:56:32.166  INFO 48911 --- [    Test worker] o.s.t.web.servlet.TestDispatcherServlet  : Initializing Servlet ''
2022-08-01 10:56:32.168  INFO 48911 --- [    Test worker] o.s.t.web.servlet.TestDispatcherServlet  : Completed initialization in 2 ms
2022-08-01 10:56:32.183  INFO 48911 --- [    Test worker] c.y.d.controller.DMakerControllerTest    : Started DMakerControllerTest in 0.673 seconds (JVM running for 7.821)
2022-08-01 10:56:32.274  INFO 48911 --- [    Test worker] c.y.dmaker.controller.DMakerController   : GET /developers HTTP/1.1
]]></system-out>
  <system-err><![CDATA[]]></system-err>
</testsuite>
