<?xml version="1.0" encoding="UTF-8"?>
<testsuite name="com.yunji.dmaker.DmakerApplicationTests" tests="1" skipped="0" failures="0" errors="0" timestamp="2022-08-01T01:56:31" hostname="yunji" time="0.187">
  <properties/>
  <testcase name="contextLoads()" classname="com.yunji.dmaker.DmakerApplicationTests" time="0.187"/>
  <system-out><![CDATA[10:56:25.078 [Test worker] DEBUG org.springframework.test.context.BootstrapUtils - Instantiating CacheAwareContextLoaderDelegate from class [org.springframework.test.context.cache.DefaultCacheAwareContextLoaderDelegate]
10:56:25.088 [Test worker] DEBUG org.springframework.test.context.BootstrapUtils - Instantiating BootstrapContext using constructor [public org.springframework.test.context.support.DefaultBootstrapContext(java.lang.Class,org.springframework.test.context.CacheAwareContextLoaderDelegate)]
10:56:25.118 [Test worker] DEBUG org.springframework.test.context.BootstrapUtils - Instantiating TestContextBootstrapper for test class [com.yunji.dmaker.DmakerApplicationTests] from class [org.springframework.boot.test.context.SpringBootTestContextBootstrapper]
10:56:25.129 [Test worker] INFO org.springframework.boot.test.context.SpringBootTestContextBootstrapper - Neither @ContextConfiguration nor @ContextHierarchy found for test class [com.yunji.dmaker.DmakerApplicationTests], using SpringBootContextLoader
10:56:25.134 [Test worker] DEBUG org.springframework.test.context.support.AbstractContextLoader - Did not detect default resource location for test class [com.yunji.dmaker.DmakerApplicationTests]: class path resource [com/yunji/dmaker/DmakerApplicationTests-context.xml] does not exist
10:56:25.135 [Test worker] DEBUG org.springframework.test.context.support.AbstractContextLoader - Did not detect default resource location for test class [com.yunji.dmaker.DmakerApplicationTests]: class path resource [com/yunji/dmaker/DmakerApplicationTestsContext.groovy] does not exist
10:56:25.135 [Test worker] INFO org.springframework.test.context.support.AbstractContextLoader - Could not detect default resource locations for test class [com.yunji.dmaker.DmakerApplicationTests]: no resource found for suffixes {-context.xml, Context.groovy}.
10:56:25.135 [Test worker] INFO org.springframework.test.context.support.AnnotationConfigContextLoaderUtils - Could not detect default configuration classes for test class [com.yunji.dmaker.DmakerApplicationTests]: DmakerApplicationTests does not declare any static, non-private, non-final, nested classes annotated with @Configuration.
10:56:25.174 [Test worker] DEBUG org.springframework.test.context.support.ActiveProfilesUtils - Could not find an 'annotation declaring class' for annotation type [org.springframework.test.context.ActiveProfiles] and class [com.yunji.dmaker.DmakerApplicationTests]
10:56:25.227 [Test worker] DEBUG org.springframework.context.annotation.ClassPathScanningCandidateComponentProvider - Identified candidate component class: file [/home/yunji/yunji.project/dmaker/build/classes/java/main/com/yunji/dmaker/DmakerApplication.class]
10:56:25.228 [Test worker] INFO org.springframework.boot.test.context.SpringBootTestContextBootstrapper - Found @SpringBootConfiguration com.yunji.dmaker.DmakerApplication for test class com.yunji.dmaker.DmakerApplicationTests
10:56:25.319 [Test worker] DEBUG org.springframework.boot.test.context.SpringBootTestContextBootstrapper - @TestExecutionListeners is not present for class [com.yunji.dmaker.DmakerApplicationTests]: using defaults.
10:56:25.320 [Test worker] INFO org.springframework.boot.test.context.SpringBootTestContextBootstrapper - Loaded default TestExecutionListener class names from location [META-INF/spring.factories]: [org.springframework.boot.test.autoconfigure.restdocs.RestDocsTestExecutionListener, org.springframework.boot.test.autoconfigure.web.client.MockRestServiceServerResetTestExecutionListener, org.springframework.boot.test.autoconfigure.web.servlet.MockMvcPrintOnlyOnFailureTestExecutionListener, org.springframework.boot.test.autoconfigure.web.servlet.WebDriverTestExecutionListener, org.springframework.boot.test.autoconfigure.webservices.client.MockWebServiceServerTestExecutionListener, org.springframework.boot.test.mock.mockito.MockitoTestExecutionListener, org.springframework.boot.test.mock.mockito.ResetMocksTestExecutionListener, org.springframework.test.context.web.ServletTestExecutionListener, org.springframework.test.context.support.DirtiesContextBeforeModesTestExecutionListener, org.springframework.test.context.event.ApplicationEventsTestExecutionListener, org.springframework.test.context.support.DependencyInjectionTestExecutionListener, org.springframework.test.context.support.DirtiesContextTestExecutionListener, org.springframework.test.context.transaction.TransactionalTestExecutionListener, org.springframework.test.context.jdbc.SqlScriptsTestExecutionListener, org.springframework.test.context.event.EventPublishingTestExecutionListener]
10:56:25.340 [Test worker] INFO org.springframework.boot.test.context.SpringBootTestContextBootstrapper - Using TestExecutionListeners: [org.springframework.test.context.web.ServletTestExecutionListener@fac80, org.springframework.test.context.support.DirtiesContextBeforeModesTestExecutionListener@726386ed, org.springframework.test.context.event.ApplicationEventsTestExecutionListener@649f2009, org.springframework.boot.test.mock.mockito.MockitoTestExecutionListener@14bb2297, org.springframework.boot.test.autoconfigure.SpringBootDependencyInjectionTestExecutionListener@69adf72c, org.springframework.test.context.support.DirtiesContextTestExecutionListener@797501a, org.springframework.test.context.transaction.TransactionalTestExecutionListener@1a15b789, org.springframework.test.context.jdbc.SqlScriptsTestExecutionListener@57f791c6, org.springframework.test.context.event.EventPublishingTestExecutionListener@51650883, org.springframework.boot.test.autoconfigure.restdocs.RestDocsTestExecutionListener@6c4f9535, org.springframework.boot.test.autoconfigure.web.client.MockRestServiceServerResetTestExecutionListener@5bd1ceca, org.springframework.boot.test.autoconfigure.web.servlet.MockMvcPrintOnlyOnFailureTestExecutionListener@30c31dd7, org.springframework.boot.test.autoconfigure.web.servlet.WebDriverTestExecutionListener@499b2a5c, org.springframework.boot.test.autoconfigure.webservices.client.MockWebServiceServerTestExecutionListener@596df867, org.springframework.boot.test.mock.mockito.ResetMocksTestExecutionListener@c1fca1e]
10:56:25.346 [Test worker] DEBUG org.springframework.test.context.support.AbstractDirtiesContextTestExecutionListener - Before test class: context [DefaultTestContext@6ab72419 testClass = DmakerApplicationTests, testInstance = [null], testMethod = [null], testException = [null], mergedContextConfiguration = [WebMergedContextConfiguration@3aacf32a testClass = DmakerApplicationTests, locations = '{}', classes = '{class com.yunji.dmaker.DmakerApplication}', contextInitializerClasses = '[]', activeProfiles = '{}', propertySourceLocations = '{}', propertySourceProperties = '{org.springframework.boot.test.context.SpringBootTestContextBootstrapper=true}', contextCustomizers = set[org.springframework.boot.test.autoconfigure.actuate.metrics.MetricsExportContextCustomizerFactory$DisableMetricExportContextCustomizer@312ab28e, org.springframework.boot.test.autoconfigure.properties.PropertyMappingContextCustomizer@0, org.springframework.boot.test.autoconfigure.web.servlet.WebDriverContextCustomizerFactory$Customizer@3b2c0e88, org.springframework.boot.test.context.filter.ExcludeFilterContextCustomizer@476b0ae6, org.springframework.boot.test.json.DuplicateJsonObjectContextCustomizerFactory$DuplicateJsonObjectContextCustomizer@17a87e37, org.springframework.boot.test.mock.mockito.MockitoContextCustomizer@0, org.springframework.boot.test.web.client.TestRestTemplateContextCustomizer@3e7634b9, org.springframework.boot.test.context.SpringBootTestArgs@1, org.springframework.boot.test.context.SpringBootTestWebEnvironment@7bbc8656], resourceBasePath = 'src/main/webapp', contextLoader = 'org.springframework.boot.test.context.SpringBootContextLoader', parent = [null]], attributes = map['org.springframework.test.context.web.ServletTestExecutionListener.activateListener' -> true]], class annotated with @DirtiesContext [false] with mode [null].

  .   ____          _            __ _ _
 /\\ / ___'_ __ _ _(_)_ __  __ _ \ \ \ \
( ( )\___ | '_ | '_| | '_ \/ _` | \ \ \ \
 \\/  ___)| |_)| | | | | || (_| |  ) ) ) )
  '  |____| .__|_| |_|_| |_\__, | / / / /
 =========|_|==============|___/=/_/_/_/
 :: Spring Boot ::                (v2.7.1)

2022-08-01 10:56:25.704  INFO 48911 --- [    Test worker] com.yunji.dmaker.DmakerApplicationTests  : Starting DmakerApplicationTests using Java 11.0.7 on yunji with PID 48911 (started by yunji in /home/yunji/yunji.project/dmaker)
2022-08-01 10:56:25.705  INFO 48911 --- [    Test worker] com.yunji.dmaker.DmakerApplicationTests  : No active profile set, falling back to 1 default profile: "default"
2022-08-01 10:56:26.596  INFO 48911 --- [    Test worker] .s.d.r.c.RepositoryConfigurationDelegate : Bootstrapping Spring Data JPA repositories in DEFAULT mode.
2022-08-01 10:56:26.654  INFO 48911 --- [    Test worker] .s.d.r.c.RepositoryConfigurationDelegate : Finished Spring Data repository scanning in 50 ms. Found 2 JPA repository interfaces.
2022-08-01 10:56:27.256  INFO 48911 --- [    Test worker] com.zaxxer.hikari.HikariDataSource       : HikariPool-1 - Starting...
2022-08-01 10:56:27.469  INFO 48911 --- [    Test worker] com.zaxxer.hikari.HikariDataSource       : HikariPool-1 - Start completed.
2022-08-01 10:56:27.560  INFO 48911 --- [    Test worker] o.hibernate.jpa.internal.util.LogHelper  : HHH000204: Processing PersistenceUnitInfo [name: default]
2022-08-01 10:56:27.637  INFO 48911 --- [    Test worker] org.hibernate.Version                    : HHH000412: Hibernate ORM core version 5.6.9.Final
2022-08-01 10:56:27.864  INFO 48911 --- [    Test worker] o.hibernate.annotations.common.Version   : HCANN000001: Hibernate Commons Annotations {5.1.2.Final}
2022-08-01 10:56:28.013  INFO 48911 --- [    Test worker] org.hibernate.dialect.Dialect            : HHH000400: Using dialect: org.hibernate.dialect.H2Dialect
Hibernate: 
    
    drop table if exists developer CASCADE 
Hibernate: 
    
    drop table if exists retired_developer CASCADE 
Hibernate: 
    
    create table developer (
       id bigint generated by default as identity,
        age integer,
        created_at timestamp,
        developer_level varchar(255),
        developer_skill_type varchar(255),
        experience_years integer,
        member_id varchar(255),
        name varchar(255),
        status_code varchar(255),
        updated_at timestamp,
        primary key (id)
    )
Hibernate: 
    
    create table retired_developer (
       id bigint generated by default as identity,
        created_at timestamp,
        member_id varchar(255),
        name varchar(255),
        updated_at timestamp,
        primary key (id)
    )
2022-08-01 10:56:28.869  INFO 48911 --- [    Test worker] o.h.e.t.j.p.i.JtaPlatformInitiator       : HHH000490: Using JtaPlatform implementation: [org.hibernate.engine.transaction.jta.platform.internal.NoJtaPlatform]
2022-08-01 10:56:28.880  INFO 48911 --- [    Test worker] j.LocalContainerEntityManagerFactoryBean : Initialized JPA EntityManagerFactory for persistence unit 'default'
2022-08-01 10:56:30.145  WARN 48911 --- [    Test worker] JpaBaseConfiguration$JpaWebConfiguration : spring.jpa.open-in-view is enabled by default. Therefore, database queries may be performed during view rendering. Explicitly configure spring.jpa.open-in-view to disable this warning
2022-08-01 10:56:30.614  INFO 48911 --- [    Test worker] o.s.b.a.h2.H2ConsoleAutoConfiguration    : H2 console available at '/h2-console'. Database available at 'jdbc:h2:mem:8d0bd6a9-7f75-4189-826a-52f81cedcf8f'
2022-08-01 10:56:31.217  INFO 48911 --- [    Test worker] com.yunji.dmaker.DmakerApplicationTests  : Started DmakerApplicationTests in 5.826 seconds (JVM running for 6.855)
]]></system-out>
  <system-err><![CDATA[]]></system-err>
</testsuite>
