<?xml version="1.0" encoding="UTF-8"?>
<testsuite name="com.yunji.dmaker.service.DMakerServiceTest" tests="1" skipped="0" failures="0" errors="0" timestamp="2022-07-28T04:51:06" hostname="yunji" time="0.366">
  <properties/>
  <testcase name="getDeveloperDetail()" classname="com.yunji.dmaker.service.DMakerServiceTest" time="0.366"/>
  <system-out><![CDATA[]]></system-out>
  <system-err><![CDATA[]]></system-err>
</testsuite>
